2021-07-01 13:33:58,122 [INFO] Activator:170 - 


2021-07-01 13:33:58,124 [INFO] Activator:171 - !SESSION log4j initialized
2021-07-01 13:36:22,913 [INFO] McuFinderGlobals:39 - Set McuFinder mode to 2 (CubeIDE integrated)
2021-07-01 13:36:24,498 [INFO] ApplicationProperties:181 - Using Application install path: C:\ST\STM32CubeIDE_1.6.0\STM32CubeIDE\plugins\com.st.stm32cube.common.mx_6.2.0.202102191602
2021-07-01 13:36:24,604 [INFO] DbMcusXml:74 - Set database path to: C:\ST\STM32CubeIDE_1.6.0\STM32CubeIDE\plugins\com.st.stm32cube.common.mx_6.2.0.202102191602\\db\/mcu/
2021-07-01 13:36:24,620 [INFO] DbBoardsPdsc:56 - Set plugin database path to: C:\ST\STM32CubeIDE_1.6.0\STM32CubeIDE\plugins\com.st.stm32cube.common.mx_6.2.0.202102191602\\db\/plugins/boardmanager/
2021-07-01 13:36:24,620 [INFO] DbMcus:258 - Set plugin images path to: C:\ST\STM32CubeIDE_1.6.0\STM32CubeIDE\plugins\com.st.stm32cube.common.mx_6.2.0.202102191602\\db\/plugins/mcufinder/images/
2021-07-01 13:36:24,620 [INFO] DbBoards:264 - Set plugin images path to: C:\ST\STM32CubeIDE_1.6.0\STM32CubeIDE\plugins\com.st.stm32cube.common.mx_6.2.0.202102191602\\db\/plugins/mcufinder/images/
2021-07-01 13:36:24,627 [INFO] DbExamples:333 - Set plugin images path to: C:\ST\STM32CubeIDE_1.6.0\STM32CubeIDE\plugins\com.st.stm32cube.common.mx_6.2.0.202102191602\\db\/plugins/mcufinder/images/
2021-07-01 13:36:24,649 [INFO] DbMcusAds:85 - Set database path to: C:\Users\Babu\.stmcufinder\plugins\mcufinder//mcu/
2021-07-01 13:36:24,654 [INFO] DbMcusDocs:110 - Set database path to: C:\Users\Babu\.stmcufinder\plugins\mcufinder//mcu/
2021-07-01 13:36:24,660 [INFO] DbMcusJson:65 - Set database path to: C:\Users\Babu\.stmcufinder\plugins\mcufinder//mcu/
2021-07-01 13:36:24,660 [INFO] DbBoardsDocs:110 - Set database path to: C:\Users\Babu\.stmcufinder\plugins\mcufinder//mcu/
2021-07-01 13:36:24,664 [INFO] DbBoardsJson:58 - Set database path to: C:\Users\Babu\.stmcufinder\plugins\mcufinder//mcu/
2021-07-01 13:36:24,680 [INFO] CrossReferenceDbSqlite:196 - Set database path to: C:\Users\Babu\.stmcufinder\plugins\mcufinder//mcu/cs/
2021-07-01 13:36:24,682 [INFO] DbExamplesSqlite:690 - Set database path to: C:\Users\Babu\.stmcufinder\plugins\mcufinder//mcu/
2021-07-01 13:36:24,996 [INFO] RulesReader:52 - Compatibility file has been processed (237 Rules)
2021-07-01 13:36:25,489 [INFO] MicroXplorer:622 - Detected Java Version = 11.0.9.1
2021-07-01 13:36:25,491 [INFO] DbMcusXml:74 - Set database path to: C:\ST\STM32CubeIDE_1.6.0\STM32CubeIDE\plugins\com.st.stm32cube.common.mx_6.2.0.202102191602\\db\/mcu/
2021-07-01 13:36:25,492 [INFO] DbBoardsPdsc:56 - Set plugin database path to: C:\ST\STM32CubeIDE_1.6.0\STM32CubeIDE\plugins\com.st.stm32cube.common.mx_6.2.0.202102191602\\db\/plugins/boardmanager/
2021-07-01 13:36:25,492 [INFO] DbMcus:258 - Set plugin images path to: C:\ST\STM32CubeIDE_1.6.0\STM32CubeIDE\plugins\com.st.stm32cube.common.mx_6.2.0.202102191602\\db\/plugins/mcufinder/images/
2021-07-01 13:36:25,493 [INFO] DbBoards:264 - Set plugin images path to: C:\ST\STM32CubeIDE_1.6.0\STM32CubeIDE\plugins\com.st.stm32cube.common.mx_6.2.0.202102191602\\db\/plugins/mcufinder/images/
2021-07-01 13:36:25,494 [INFO] DbExamples:333 - Set plugin images path to: C:\ST\STM32CubeIDE_1.6.0\STM32CubeIDE\plugins\com.st.stm32cube.common.mx_6.2.0.202102191602\\db\/plugins/mcufinder/images/
2021-07-01 13:36:25,494 [WARN] DbFile:35 - Overriding database path with different value: C:\Users\Babu\.stmcufinder\plugins\mcufinder/ => C:\Users\Babu\.stmcufinder\plugins\mcufinder
2021-07-01 13:36:25,494 [INFO] DbMcusAds:85 - Set database path to: C:\Users\Babu\.stmcufinder\plugins\mcufinder//mcu/
2021-07-01 13:36:25,495 [WARN] DbFile:35 - Overriding database path with different value: C:\Users\Babu\.stmcufinder\plugins\mcufinder/ => C:\Users\Babu\.stmcufinder\plugins\mcufinder
2021-07-01 13:36:25,495 [INFO] DbMcusDocs:110 - Set database path to: C:\Users\Babu\.stmcufinder\plugins\mcufinder//mcu/
2021-07-01 13:36:25,495 [WARN] DbFile:35 - Overriding database path with different value: C:\Users\Babu\.stmcufinder\plugins\mcufinder/ => C:\Users\Babu\.stmcufinder\plugins\mcufinder
2021-07-01 13:36:25,495 [INFO] DbMcusJson:65 - Set database path to: C:\Users\Babu\.stmcufinder\plugins\mcufinder//mcu/
2021-07-01 13:36:25,495 [WARN] DbFile:35 - Overriding database path with different value: C:\Users\Babu\.stmcufinder\plugins\mcufinder/ => C:\Users\Babu\.stmcufinder\plugins\mcufinder
2021-07-01 13:36:25,496 [INFO] DbBoardsDocs:110 - Set database path to: C:\Users\Babu\.stmcufinder\plugins\mcufinder//mcu/
2021-07-01 13:36:25,496 [WARN] DbFile:35 - Overriding database path with different value: C:\Users\Babu\.stmcufinder\plugins\mcufinder/ => C:\Users\Babu\.stmcufinder\plugins\mcufinder
2021-07-01 13:36:25,496 [INFO] DbBoardsJson:58 - Set database path to: C:\Users\Babu\.stmcufinder\plugins\mcufinder//mcu/
2021-07-01 13:36:25,497 [WARN] DbFile:35 - Overriding database path with different value: C:\Users\Babu\.stmcufinder\plugins\mcufinder/ => C:\Users\Babu\.stmcufinder\plugins\mcufinder
2021-07-01 13:36:25,497 [WARN] DbFile:35 - Overriding database path with different value: C:\Users\Babu\.stmcufinder\plugins\mcufinder/ => C:\Users\Babu\.stmcufinder\plugins\mcufinder
2021-07-01 13:36:25,497 [INFO] CrossReferenceDbSqlite:196 - Set database path to: C:\Users\Babu\.stmcufinder\plugins\mcufinder//mcu/cs/
2021-07-01 13:36:25,497 [WARN] DbFile:35 - Overriding database path with different value: C:\Users\Babu\.stmcufinder\plugins\mcufinder/ => C:\Users\Babu\.stmcufinder\plugins\mcufinder
2021-07-01 13:36:25,498 [INFO] DbExamplesSqlite:690 - Set database path to: C:\Users\Babu\.stmcufinder\plugins\mcufinder//mcu/
2021-07-01 13:36:25,742 [INFO] MainPanel:204 - HeapMemory: 277872640
2021-07-01 13:36:25,997 [INFO] DbMcusXml:74 - Set database path to: C:\ST\STM32CubeIDE_1.6.0\STM32CubeIDE\plugins\com.st.stm32cube.common.mx_6.2.0.202102191602\\db\/mcu/
2021-07-01 13:36:25,997 [INFO] DbBoardsPdsc:56 - Set plugin database path to: C:\ST\STM32CubeIDE_1.6.0\STM32CubeIDE\plugins\com.st.stm32cube.common.mx_6.2.0.202102191602\\db\/plugins/boardmanager/
2021-07-01 13:36:25,997 [INFO] DbMcus:258 - Set plugin images path to: C:\ST\STM32CubeIDE_1.6.0\STM32CubeIDE\plugins\com.st.stm32cube.common.mx_6.2.0.202102191602\\db\/plugins/mcufinder/images/
2021-07-01 13:36:25,997 [INFO] DbBoards:264 - Set plugin images path to: C:\ST\STM32CubeIDE_1.6.0\STM32CubeIDE\plugins\com.st.stm32cube.common.mx_6.2.0.202102191602\\db\/plugins/mcufinder/images/
2021-07-01 13:36:25,998 [INFO] DbExamples:333 - Set plugin images path to: C:\ST\STM32CubeIDE_1.6.0\STM32CubeIDE\plugins\com.st.stm32cube.common.mx_6.2.0.202102191602\\db\/plugins/mcufinder/images/
2021-07-01 13:36:25,998 [WARN] DbFile:35 - Overriding database path with different value: C:\Users\Babu\.stmcufinder\plugins\mcufinder/ => C:\Users\Babu\.stmcufinder\plugins\mcufinder
2021-07-01 13:36:25,998 [INFO] DbMcusAds:85 - Set database path to: C:\Users\Babu\.stmcufinder\plugins\mcufinder//mcu/
2021-07-01 13:36:25,998 [WARN] DbFile:35 - Overriding database path with different value: C:\Users\Babu\.stmcufinder\plugins\mcufinder/ => C:\Users\Babu\.stmcufinder\plugins\mcufinder
2021-07-01 13:36:25,999 [INFO] DbMcusDocs:110 - Set database path to: C:\Users\Babu\.stmcufinder\plugins\mcufinder//mcu/
2021-07-01 13:36:25,999 [WARN] DbFile:35 - Overriding database path with different value: C:\Users\Babu\.stmcufinder\plugins\mcufinder/ => C:\Users\Babu\.stmcufinder\plugins\mcufinder
2021-07-01 13:36:25,999 [INFO] DbMcusJson:65 - Set database path to: C:\Users\Babu\.stmcufinder\plugins\mcufinder//mcu/
2021-07-01 13:36:25,999 [WARN] DbFile:35 - Overriding database path with different value: C:\Users\Babu\.stmcufinder\plugins\mcufinder/ => C:\Users\Babu\.stmcufinder\plugins\mcufinder
2021-07-01 13:36:25,999 [INFO] DbBoardsDocs:110 - Set database path to: C:\Users\Babu\.stmcufinder\plugins\mcufinder//mcu/
2021-07-01 13:36:25,999 [WARN] DbFile:35 - Overriding database path with different value: C:\Users\Babu\.stmcufinder\plugins\mcufinder/ => C:\Users\Babu\.stmcufinder\plugins\mcufinder
2021-07-01 13:36:25,999 [INFO] DbBoardsJson:58 - Set database path to: C:\Users\Babu\.stmcufinder\plugins\mcufinder//mcu/
2021-07-01 13:36:25,999 [WARN] DbFile:35 - Overriding database path with different value: C:\Users\Babu\.stmcufinder\plugins\mcufinder/ => C:\Users\Babu\.stmcufinder\plugins\mcufinder
2021-07-01 13:36:25,999 [WARN] DbFile:35 - Overriding database path with different value: C:\Users\Babu\.stmcufinder\plugins\mcufinder/ => C:\Users\Babu\.stmcufinder\plugins\mcufinder
2021-07-01 13:36:25,999 [INFO] CrossReferenceDbSqlite:196 - Set database path to: C:\Users\Babu\.stmcufinder\plugins\mcufinder//mcu/cs/
2021-07-01 13:36:25,999 [WARN] DbFile:35 - Overriding database path with different value: C:\Users\Babu\.stmcufinder\plugins\mcufinder/ => C:\Users\Babu\.stmcufinder\plugins\mcufinder
2021-07-01 13:36:25,999 [INFO] DbExamplesSqlite:690 - Set database path to: C:\Users\Babu\.stmcufinder\plugins\mcufinder//mcu/
2021-07-01 13:36:26,049 [INFO] ApplicationProperties:181 - Using Application install path: C:\ST\STM32CubeIDE_1.6.0\STM32CubeIDE\plugins\com.st.stm32cube.common.mx_6.2.0.202102191602
2021-07-01 13:36:26,056 [INFO] PluginManage:178 - Search for loadable plugins [exclusion list=, ]
2021-07-01 13:36:26,058 [INFO] PluginManage:292 - Check plugin analytics
2021-07-01 13:36:30,968 [INFO] AnalyticsPlugin:233 - Accepted Software Licenses: STM32CubeMX.6.2.0,STM32CubeMX.6.2.1
2021-07-01 13:36:30,971 [INFO] AnalyticsPlugin:235 - Accepted CMSIS Pack Licenses: STMicroelectronics.X-CUBE-TOUCHGFX.4.16.1,STMicroelectronics.X-CUBE-MEMS1.8.2.0,STMicroelectronics.X-CUBE-AI.6.0.0,SEGGER.I-CUBE-embOS.1.2.0,STMicroelectronics.X-CUBE-SFXS2LP1.3.0.0,STMicroelectronics.X-CUBE-TOUCHGFX.4.17.0
2021-07-01 13:36:30,972 [INFO] AnalyticsPlugin:237 - Accepted Firmware Licenses: 
2021-07-01 13:36:30,972 [INFO] PluginManage:342 - Loaded plugin analytics (category:tool,tabindex:-1)
2021-07-01 13:36:30,972 [INFO] PluginManage:292 - Check plugin clock
2021-07-01 13:36:31,007 [INFO] PluginManage:342 - Loaded plugin clock (category:base,tabindex:2)
2021-07-01 13:36:31,007 [INFO] PluginManage:292 - Check plugin ddr
2021-07-01 13:36:31,011 [INFO] PluginManage:342 - Loaded plugin ddr (category:tool,tabindex:6)
2021-07-01 13:36:31,011 [INFO] PluginManage:292 - Check plugin filemanager
2021-07-01 13:36:31,307 [INFO] PluginManage:342 - Loaded plugin filemanager (category:base,tabindex:10)
2021-07-01 13:36:31,307 [INFO] PluginManage:292 - Check plugin ipmanager
2021-07-01 13:36:31,324 [INFO] PluginManage:342 - Loaded plugin ipmanager (category:base,tabindex:5)
2021-07-01 13:36:31,324 [INFO] PluginManage:292 - Check plugin pinoutandconfiguration
2021-07-01 13:36:31,347 [INFO] PluginManage:342 - Loaded plugin pinoutandconfiguration (category:base,tabindex:1)
2021-07-01 13:36:31,347 [INFO] PluginManage:292 - Check plugin pinoutconfig
2021-07-01 13:36:31,411 [INFO] PluginManage:342 - Loaded plugin pinoutconfig (category:base,tabindex:0)
2021-07-01 13:36:31,411 [INFO] PluginManage:292 - Check plugin power
2021-07-01 13:36:31,443 [INFO] PluginManage:342 - Loaded plugin power (category:power,tabindex:4)
2021-07-01 13:36:31,443 [INFO] PluginManage:292 - Check plugin projectmanager
2021-07-01 13:36:31,475 [INFO] PluginManage:342 - Loaded plugin projectmanager (category:projectmanager,tabindex:3)
2021-07-01 13:36:31,475 [INFO] PluginManage:292 - Check plugin thirdparty
2021-07-01 13:36:32,175 [INFO] PluginManage:342 - Loaded plugin thirdparty (category:base,tabindex:-1)
2021-07-01 13:36:32,175 [INFO] PluginManage:292 - Check plugin tools
2021-07-01 13:36:32,175 [WARN] IntegrityCheckThread:59 - waiting for thirdparty lock release [integrity check]
2021-07-01 13:36:32,182 [INFO] IntegrityCheckThread:61 - entering critical section [integrity check]
2021-07-01 13:36:32,182 [INFO] ThirdPartyUpdaterWithRetryManager:56 - Updater plugin not ready yet. [1/15]
2021-07-01 13:36:32,185 [INFO] PluginManage:342 - Loaded plugin tools (category:base,tabindex:7)
2021-07-01 13:36:32,189 [INFO] PluginManage:292 - Check plugin tutovideos
2021-07-01 13:36:33,236 [INFO] PluginManage:342 - Loaded plugin tutovideos (category:base,tabindex:-1)
2021-07-01 13:36:33,252 [INFO] PluginManage:292 - Check plugin updater
2021-07-01 13:36:33,296 [INFO] PluginManage:342 - Loaded plugin updater (category:base,tabindex:12)
2021-07-01 13:36:33,296 [INFO] PluginManage:265 - PluginManage : Loaded plugins [13]
2021-07-01 13:36:34,199 [INFO] PinOutPanel:1435 - setPackage(No Configuration,No Configuration)
2021-07-01 13:36:34,521 [INFO] IPUIPlugin:64 - create IPUIPlugin
2021-07-01 13:36:34,521 [INFO] PluginManager:203 - loadIPPluginJar : add adc
2021-07-01 13:36:34,521 [INFO] IPUIPlugin:64 - create IPUIPlugin
2021-07-01 13:36:34,521 [INFO] PluginManager:203 - loadIPPluginJar : add aes
2021-07-01 13:36:34,536 [INFO] IPUIPlugin:64 - create IPUIPlugin
2021-07-01 13:36:34,536 [INFO] PluginManager:203 - loadIPPluginJar : add can
2021-07-01 13:36:34,536 [INFO] IPUIPlugin:64 - create IPUIPlugin
2021-07-01 13:36:34,536 [INFO] PluginManager:203 - loadIPPluginJar : add comp
2021-07-01 13:36:34,536 [INFO] IPUIPlugin:64 - create IPUIPlugin
2021-07-01 13:36:34,536 [INFO] PluginManager:203 - loadIPPluginJar : add cryp
2021-07-01 13:36:34,553 [INFO] IPUIPlugin:64 - create IPUIPlugin
2021-07-01 13:36:34,553 [INFO] PluginManager:203 - loadIPPluginJar : add dfsdm
2021-07-01 13:36:34,569 [INFO] IPUIPlugin:64 - create IPUIPlugin
2021-07-01 13:36:34,569 [INFO] PluginManager:203 - loadIPPluginJar : add dma
2021-07-01 13:36:34,585 [INFO] IPUIPlugin:64 - create IPUIPlugin
2021-07-01 13:36:34,585 [INFO] PluginManager:203 - loadIPPluginJar : add fatfs
2021-07-01 13:36:34,585 [INFO] IPUIPlugin:64 - create IPUIPlugin
2021-07-01 13:36:34,585 [INFO] PluginManager:203 - loadIPPluginJar : add fmc
2021-07-01 13:36:34,602 [INFO] IPUIPlugin:64 - create IPUIPlugin
2021-07-01 13:36:34,602 [INFO] PluginManager:203 - loadIPPluginJar : add freertos
2021-07-01 13:36:34,602 [INFO] IPUIPlugin:64 - create IPUIPlugin
2021-07-01 13:36:34,602 [INFO] PluginManager:203 - loadIPPluginJar : add genericplugin
2021-07-01 13:36:34,617 [INFO] IPUIPlugin:64 - create IPUIPlugin
2021-07-01 13:36:34,617 [INFO] PluginManager:203 - loadIPPluginJar : add gfxmmu
2021-07-01 13:36:34,649 [INFO] IPUIPlugin:64 - create IPUIPlugin
2021-07-01 13:36:34,649 [INFO] PluginManager:203 - loadIPPluginJar : add gic
2021-07-01 13:36:34,649 [INFO] IPUIPlugin:64 - create IPUIPlugin
2021-07-01 13:36:34,649 [INFO] PluginManager:203 - loadIPPluginJar : add gpio
2021-07-01 13:36:34,664 [INFO] IPUIPlugin:64 - create IPUIPlugin
2021-07-01 13:36:34,664 [INFO] PluginManager:203 - loadIPPluginJar : add gtzc
2021-07-01 13:36:34,706 [INFO] IPUIPlugin:64 - create IPUIPlugin
2021-07-01 13:36:34,706 [INFO] PluginManager:203 - loadIPPluginJar : add hash
2021-07-01 13:36:34,706 [INFO] IPUIPlugin:64 - create IPUIPlugin
2021-07-01 13:36:34,706 [INFO] PluginManager:203 - loadIPPluginJar : add i2c
2021-07-01 13:36:34,722 [INFO] IPUIPlugin:64 - create IPUIPlugin
2021-07-01 13:36:34,722 [INFO] PluginManager:203 - loadIPPluginJar : add i2s
2021-07-01 13:36:34,759 [INFO] IPUIPlugin:64 - create IPUIPlugin
2021-07-01 13:36:34,759 [INFO] PluginManager:203 - loadIPPluginJar : add ipddr
2021-07-01 13:36:34,759 [INFO] IPUIPlugin:64 - create IPUIPlugin
2021-07-01 13:36:34,759 [INFO] PluginManager:203 - loadIPPluginJar : add lorawan
2021-07-01 13:36:34,779 [INFO] IPUIPlugin:64 - create IPUIPlugin
2021-07-01 13:36:34,779 [INFO] PluginManager:203 - loadIPPluginJar : add ltdc
2021-07-01 13:36:34,779 [INFO] IPUIPlugin:64 - create IPUIPlugin
2021-07-01 13:36:34,779 [INFO] PluginManager:203 - loadIPPluginJar : add mdma
2021-07-01 13:36:34,794 [INFO] IPUIPlugin:64 - create IPUIPlugin
2021-07-01 13:36:34,794 [INFO] PluginManager:203 - loadIPPluginJar : add nvic
2021-07-01 13:36:34,810 [INFO] IPUIPlugin:64 - create IPUIPlugin
2021-07-01 13:36:34,810 [INFO] PluginManager:203 - loadIPPluginJar : add opamp
2021-07-01 13:36:34,810 [INFO] IPUIPlugin:64 - create IPUIPlugin
2021-07-01 13:36:34,810 [INFO] PluginManager:203 - loadIPPluginJar : add openamp
2021-07-01 13:36:34,826 [INFO] IPUIPlugin:64 - create IPUIPlugin
2021-07-01 13:36:34,826 [INFO] PluginManager:203 - loadIPPluginJar : add pdm2pcm
2021-07-01 13:36:34,843 [INFO] IPUIPlugin:64 - create IPUIPlugin
2021-07-01 13:36:34,859 [INFO] PluginManager:203 - loadIPPluginJar : add plateformsettings
2021-07-01 13:36:34,859 [INFO] IPUIPlugin:64 - create IPUIPlugin
2021-07-01 13:36:34,859 [INFO] PluginManager:203 - loadIPPluginJar : add quadspi
2021-07-01 13:36:34,874 [INFO] IPUIPlugin:64 - create IPUIPlugin
2021-07-01 13:36:34,874 [INFO] PluginManager:203 - loadIPPluginJar : add resmgrutility
2021-07-01 13:36:34,874 [INFO] IPUIPlugin:64 - create IPUIPlugin
2021-07-01 13:36:34,874 [INFO] PluginManager:203 - loadIPPluginJar : add sai
2021-07-01 13:36:34,892 [INFO] IPUIPlugin:64 - create IPUIPlugin
2021-07-01 13:36:34,892 [INFO] PluginManager:203 - loadIPPluginJar : add spi
2021-07-01 13:36:34,892 [INFO] IPUIPlugin:64 - create IPUIPlugin
2021-07-01 13:36:34,892 [INFO] PluginManager:203 - loadIPPluginJar : add stm32_wpan
2021-07-01 13:36:34,912 [INFO] IPUIPlugin:64 - create IPUIPlugin
2021-07-01 13:36:34,913 [INFO] PluginManager:203 - loadIPPluginJar : add tim
2021-07-01 13:36:34,913 [INFO] IPUIPlugin:64 - create IPUIPlugin
2021-07-01 13:36:34,913 [INFO] PluginManager:203 - loadIPPluginJar : add touchsensing
2021-07-01 13:36:34,913 [INFO] IPUIPlugin:64 - create IPUIPlugin
2021-07-01 13:36:34,913 [INFO] PluginManager:203 - loadIPPluginJar : add tracer_emb
2021-07-01 13:36:34,928 [INFO] IPUIPlugin:64 - create IPUIPlugin
2021-07-01 13:36:34,928 [INFO] PluginManager:203 - loadIPPluginJar : add ts
2021-07-01 13:36:34,928 [INFO] IPUIPlugin:64 - create IPUIPlugin
2021-07-01 13:36:34,928 [INFO] PluginManager:203 - loadIPPluginJar : add tsc
2021-07-01 13:36:34,928 [INFO] IPUIPlugin:64 - create IPUIPlugin
2021-07-01 13:36:34,928 [INFO] PluginManager:203 - loadIPPluginJar : add ucpd
2021-07-01 13:36:34,946 [INFO] IPUIPlugin:64 - create IPUIPlugin
2021-07-01 13:36:34,946 [INFO] PluginManager:203 - loadIPPluginJar : add usart
2021-07-01 13:36:35,185 [INFO] ThirdPartyUpdaterWithRetryManager:56 - Updater plugin not ready yet. [2/15]
2021-07-01 13:36:35,846 [FATAL] Updater:284 - Updater called before beeing initialized
2021-07-01 13:36:36,755 [FATAL] Updater:284 - Updater called before beeing initialized
2021-07-01 13:36:36,770 [INFO] DbMcusAds:132 - JSON generation date=Tue May 11 21:02:49 IST 2021 (1620747169502)
2021-07-01 13:36:36,770 [FATAL] Updater:284 - Updater called before beeing initialized
2021-07-01 13:36:37,108 [WARN] DetailPanel:315 - Failed to get advertising image, set to default
2021-07-01 13:36:37,973 [FATAL] Updater:284 - Updater called before beeing initialized
2021-07-01 13:36:37,976 [FATAL] Updater:284 - Updater called before beeing initialized
2021-07-01 13:36:37,976 [FATAL] Updater:284 - Updater called before beeing initialized
2021-07-01 13:36:37,976 [WARN] DetailPanel:315 - Failed to get advertising image, set to default
2021-07-01 13:36:37,976 [FATAL] Updater:284 - Updater called before beeing initialized
2021-07-01 13:36:38,165 [FATAL] Updater:284 - Updater called before beeing initialized
2021-07-01 13:36:38,165 [WARN] ThirdParty:796 - waiting for thirdparty lock release [close project]
2021-07-01 13:36:38,196 [FATAL] Updater:284 - Updater called before beeing initialized
2021-07-01 13:36:38,196 [ERROR] AbstractThirdPartyUpdaterManager:153 - class java.lang.Integer cannot be cast to class java.util.List (java.lang.Integer and java.util.List are in module java.base of loader 'bootstrap')
2021-07-01 13:36:38,196 [INFO] ThirdParty:900 - Integrity check success = false
2021-07-01 13:36:38,196 [INFO] IntegrityCheckThread:75 - exiting critical section [integrity check]
2021-07-01 13:36:38,196 [INFO] IntegrityCheckThread:78 - End integrity checks thread
2021-07-01 13:36:38,196 [INFO] ThirdParty:798 - entering critical section [close project]
2021-07-01 13:36:38,206 [INFO] ThirdParty:809 - exiting critical section [close project]
2021-07-01 13:36:38,206 [INFO] PinOutPanel:1435 - setPackage(No Configuration,No Configuration)
2021-07-01 13:36:38,206 [FATAL] Updater:284 - Updater called before beeing initialized
2021-07-01 13:36:38,270 [INFO] Updater:1002 - Updater Version found : 6.2.0
2021-07-01 13:36:38,321 [INFO] ApplicationProperties:181 - Using Application install path: C:\ST\STM32CubeIDE_1.6.0\STM32CubeIDE\plugins\com.st.stm32cube.common.mx_6.2.0.202102191602
2021-07-01 13:36:38,358 [INFO] MainUpdater:4847 - Software Update Detected: STM32CubeMX
2021-07-01 13:36:38,358 [ERROR] MainUpdater:4853 - Failed to launch self-upgrade
2021-07-01 13:36:38,854 [INFO] MainUpdater:2661 - connection check result : 10
2021-07-01 13:36:38,855 [INFO] MainUpdater:255 - Updater Check For Update Now.
2021-07-01 13:36:38,855 [INFO] MicroXplorer:472 - Change Database Version : DB.6.0.20
2021-07-01 13:36:38,956 [INFO] CheckServerUpdateThread:102 - End of CheckServer Thread
2021-07-01 13:36:39,046 [INFO] MainUpdater:2661 - connection check result : 10
2021-07-01 13:36:41,308 [INFO] CrossSelectorPresenter:1330 - Cross Selector saved comparison directory: C:\Users\Babu\.stmcufinder\plugins\mcufinder\mcu\cs_comparisons_mx
2021-07-01 13:36:41,309 [INFO] MultiScanPanel:200 - Auto-refresh data requested => check proxy status ongoing
2021-07-01 13:36:41,320 [INFO] FinderPluginLoader:87 - Searching for filters in installed packs
2021-07-01 13:36:41,321 [INFO] FinderPluginLoader:100 - Found C:\Users\Babu\STM32Cube\Repository\Packs\STMicroelectronics\X-CUBE-AI\6.0.0\CubeMX\plugins\ip\ai.6.0.0.jar
2021-07-01 13:36:41,321 [INFO] FinderPluginLoader:110 - Loading ai.6.0.0
2021-07-01 13:36:41,552 [INFO] McuExtendedFiltersManager:89 - Add MCU extended filter: Artificial Intelligence
2021-07-01 13:36:41,556 [INFO] DbMcusXml:100 - Load MCU database from C:\ST\STM32CubeIDE_1.6.0\STM32CubeIDE\plugins\com.st.stm32cube.common.mx_6.2.0.202102191602\\db\/mcu/families.xml
2021-07-01 13:36:44,144 [INFO] DbMcusJson:94 - JSON generation date=Mon Jun 07 14:23:21 IST 2021 (1623056001)
2021-07-01 13:36:45,508 [INFO] DbMcus:175 - Found 1906 MCUs (1866 are supported by CubeMX, 1866 are visible in CubeMX)
2021-07-01 13:36:45,509 [INFO] ApiDb:251 - Load user favorites file C:\Users\Babu/.stm32cubeide/favorites.mcus.txt: 0 item(s)
2021-07-01 13:36:45,509 [INFO] ApiDb:255 - User favorites MCUs=[]
2021-07-01 13:36:45,510 [INFO] DbMcus:187 - Set 0 / 0 favorites MCUs
2021-07-01 13:36:46,585 [INFO] AInterface:96 - AInterface using toolDir: C:/Users/Babu/STM32Cube/Repository//Packs/STMicroelectronics/X-CUBE-AI/6.0.0/Utilities/windows
2021-07-01 13:36:48,236 [INFO] DetailPanel:310 - Set advertising image to C:/Users/Babu/STM32Cube/Repository/\en.prom_b-l462e-cell1_0421.jpg
2021-07-01 13:36:49,279 [INFO] DbBoardsPdsc:90 - Found 24 items
2021-07-01 13:36:49,297 [INFO] DbBoardsPdsc:90 - Found 9 items
2021-07-01 13:36:49,307 [INFO] DbBoardsPdsc:90 - Found 33 items
2021-07-01 13:36:49,319 [INFO] DbBoardsPdsc:90 - Found 1 items
2021-07-01 13:36:49,358 [INFO] DbBoardsPdsc:90 - Found 46 items
2021-07-01 13:36:49,385 [INFO] DbBoardsPdsc:90 - Found 41 items
2021-07-01 13:36:49,421 [INFO] DbBoardsPdsc:90 - Found 2 items
2021-07-01 13:36:49,444 [INFO] DbBoardsPdsc:90 - Found 5 items
2021-07-01 13:36:49,448 [WARN] DbBoardsPdsc:254 - Board NUCLEO-WB15CC: unknown feature type=, name=, username=Three user LEDs, n=1
2021-07-01 13:36:49,448 [WARN] DbBoardsPdsc:254 - Board NUCLEO-WB15CC: unknown feature type=, name=, username=One reset and three user push-buttons, n=1
2021-07-01 13:36:49,448 [WARN] DbBoardsPdsc:254 - Board NUCLEO-WB15CC: unknown feature type=, name=, username=Arduino Uno V3 expansion connector, n=1
2021-07-01 13:36:49,448 [WARN] DbBoardsPdsc:254 - Board NUCLEO-WB15CC: unknown feature type=, name=, username=ST morpho extension pin headers for full access to all STM32WB I/Os, n=1
2021-07-01 13:36:49,448 [WARN] DbBoardsPdsc:254 - Board NUCLEO-WB15CC: unknown feature type=, name=, username=Integrated PCB antenna and SMA connector footprint, n=1
2021-07-01 13:36:49,448 [WARN] DbBoardsPdsc:254 - Board NUCLEO-WB15CC: unknown feature type=, name=, username=Flexible power-supply options: ST-LINK, USB VBUS, or external sources, n=1
2021-07-01 13:36:49,448 [WARN] DbBoardsPdsc:254 - Board NUCLEO-WB15CC: unknown feature type=, name=, username=On-board footprint to mount a CR2032 battery socket, n=1
2021-07-01 13:36:49,448 [WARN] DbBoardsPdsc:254 - Board NUCLEO-WB15CC: unknown feature type=, name=, username=On-board ST-LINK/V2-1 debugger/programmer with USB re-enumeration capability: mass storage, Virtual COM port, and debug port, n=1
2021-07-01 13:36:49,448 [WARN] DbBoardsPdsc:254 - Board NUCLEO-WB15CC: unknown feature type=, name=, username=Comprehensive free software libraries and examples available with the STM32CubeWB MCU Package, n=1
2021-07-01 13:36:49,448 [WARN] DbBoardsPdsc:254 - Board NUCLEO-WB15CC: unknown feature type=, name=, username=Support of a wide choice of Integrated Development Environments (IDEs) including IAR Embedded Workbench, MDK-ARM, STM32CubeIDE, and Mbed Studio, n=1
2021-07-01 13:36:49,455 [WARN] DbBoardsPdsc:254 - Board STM32H7B3I-DK: unknown feature type=Audio, name=, username=Audio stereo codec with Headphone Amp (CS42L51-CNZ), n=1
2021-07-01 13:36:49,455 [WARN] DbBoardsPdsc:254 - Board STM32H735G-DK: unknown feature type=Audio, name=, username=Audio stereo codec with Headphone Amp (WM8994ECS/R), n=1
2021-07-01 13:36:49,455 [WARN] DbBoardsPdsc:254 - Board STM32WB5MM-DK: unknown feature type=, name=, username=Time-of-Flight and gesture-detection sensor, n=1
2021-07-01 13:36:49,455 [WARN] DbBoardsPdsc:254 - Board STM32WB5MM-DK: unknown feature type=, name=, username=3 push-buttons (2 users and 1 reset) and 1 touch key button, n=1
2021-07-01 13:36:49,455 [WARN] DbBoardsPdsc:254 - Board STM32WB5MM-DK: unknown feature type=, name=, username=Flexible power-supply options: ST-LINK/V2-1 USB connector, 5 V delivered by ARDUINO® or external connector, USB charger, or USB power, n=1
2021-07-01 13:36:49,455 [WARN] DbBoardsPdsc:254 - Board STM32WB5MM-DK: unknown feature type=, name=, username=On-board ST-LINK/V2-1 debugger/programmer with USB re-enumeration capability: Virtual COM port and debug port, n=1
2021-07-01 13:36:49,458 [WARN] DbBoardsPdsc:254 - Board STM32WB5MM-DK: unknown feature type=, name=, username=Comprehensive free software libraries and examples available with the STM32CubeWB MCU Package, n=1
2021-07-01 13:36:49,458 [WARN] DbBoardsPdsc:254 - Board STM32WB5MM-DK: unknown feature type=, name=, username=Support of a wide choice of Integrated Development Environments (IDEs) including IAR Embedded Workbench®, MDK-ARM, and STM32CubeIDE, n=1
2021-07-01 13:36:49,461 [WARN] DbBoardsPdsc:254 - Board STM32H7B3I-EVAL: unknown feature type=Audio, name=, username=Multi-Channel Audio Codec (CS42L51-CNZ), n=1
2021-07-01 13:36:49,461 [WARN] DbBoardsPdsc:254 - Board STM32H7B3I-EVAL: unknown feature type=Meter, name=, username=Power-metering and Temperature-monitoring with sigma-delta modulators, n=1
2021-07-01 13:36:49,461 [WARN] DbBoardsPdsc:254 - Board STM32H7B3I-EVAL: unknown feature type=Motor, name=, username=Motor Control, n=1
2021-07-01 13:36:49,570 [INFO] DbBoardsJson:87 - JSON generation date=Tue Jun 01 11:22:40 IST 2021 (1622526760)
2021-07-01 13:36:49,588 [INFO] DbBoards:117 - Found 161 boards (158 are supported by CubeMX)
2021-07-01 13:36:49,689 [INFO] DbBoardsDocs:143 - JSON generation date=Tue Jun 01 11:22:40 IST 2021 (1622526760)
2021-07-01 13:36:49,729 [INFO] DbBoardsDocs:79 - Found 193 boards documents
2021-07-01 13:36:49,730 [WARN] DbBoards:127 - board B-L462E-CELL1 has no document id list !
2021-07-01 13:36:49,730 [WARN] DbBoards:127 - board B-L475E-IOT01A2 has no document id list !
2021-07-01 13:36:49,730 [WARN] DbBoards:127 - board NUCLEO-G0B1RE has no document id list !
2021-07-01 13:36:49,730 [WARN] DbBoards:127 - board NUCLEO-H743ZI has no document id list !
2021-07-01 13:36:49,730 [WARN] DbBoards:127 - board NUCLEO-L4A6ZG has no document id list !
2021-07-01 13:36:49,730 [WARN] DbBoards:127 - board NUCLEO-WB15CC has no document id list !
2021-07-01 13:36:49,730 [WARN] DbBoards:127 - board NUCLEO-WB55RG has no document id list !
2021-07-01 13:36:49,730 [WARN] DbBoards:127 - board NUCLEO-WL55JC2 has no document id list !
2021-07-01 13:36:49,730 [WARN] DbBoards:127 - board P-NUCLEO-WB55-Nucleo has no document id list !
2021-07-01 13:36:49,730 [WARN] DbBoards:127 - board P-NUCLEO-WB55-USBDongle has no document id list !
2021-07-01 13:36:49,730 [WARN] DbBoards:127 - board STEVAL-BFA001V1B has no document id list !
2021-07-01 13:36:49,730 [WARN] DbBoards:127 - board STEVAL-BFA001V2B has no document id list !
2021-07-01 13:36:49,730 [WARN] DbBoards:127 - board STEVAL-IDP005V1 has no document id list !
2021-07-01 13:36:49,730 [WARN] DbBoards:127 - board STEVAL-IDP005V2 has no document id list !
2021-07-01 13:36:49,730 [WARN] DbBoards:127 - board STEVAL-MKSBOX1V1 has no document id list !
2021-07-01 13:36:49,730 [WARN] DbBoards:127 - board STEVAL-STWINKT1 has no document id list !
2021-07-01 13:36:49,730 [WARN] DbBoards:127 - board STEVAL-STWINKT1B has no document id list !
2021-07-01 13:36:49,730 [WARN] DbBoards:127 - board STM32F401C-DISCO has no document id list !
2021-07-01 13:36:49,730 [WARN] DbBoards:127 - board STM32F769I-DISC1 has no document id list !
2021-07-01 13:36:49,730 [WARN] DbBoards:127 - board STM32G0C1E-EV has no document id list !
2021-07-01 13:36:49,730 [WARN] DbBoards:127 - board STM32G474E-EVAL1 has no document id list !
2021-07-01 13:36:49,730 [WARN] DbBoards:127 - board STM32H743I-EVAL2 has no document id list !
2021-07-01 13:36:49,730 [WARN] DbBoards:127 - board STM32H747I-DISC1 has no document id list !
2021-07-01 13:36:49,735 [WARN] DbBoards:127 - board STM32H753I-EVAL2 has no document id list !
2021-07-01 13:36:49,735 [WARN] DbBoards:127 - board STM32L-DISCOVERY has no document id list !
2021-07-01 13:36:49,736 [WARN] DbBoards:127 - board STM32MP157A-DK1 has no document id list !
2021-07-01 13:36:49,736 [WARN] DbBoards:127 - board STM32MP157F-DK2 has no document id list !
2021-07-01 13:36:49,736 [WARN] DbBoards:127 - board STM32MP157F-EV1 has no document id list !
2021-07-01 13:36:49,736 [WARN] DbBoards:127 - board STM32WB5MM-DK has no document id list !
2021-07-01 13:36:54,270 [INFO] ApiDb:251 - Load user favorites file C:\Users\Babu/.stm32cubeide/favorites.boards.txt: 0 item(s)
2021-07-01 13:36:54,270 [INFO] ApiDb:255 - User favorites Boards=[]
2021-07-01 13:36:54,270 [INFO] DbBoards:206 - Set 0 / 0 favorites Boards
2021-07-01 13:36:54,924 [INFO] MultiScanPanel:200 - Auto-refresh data requested => check proxy status ongoing
2021-07-01 13:36:55,003 [INFO] DetailPanel:310 - Set advertising image to C:/Users/Babu/STM32Cube/Repository/\en.prom_b-l462e-cell1_0421.jpg
2021-07-01 13:36:55,020 [INFO] MultiScanPanel:731 - adjusting invalid saved split location: 1.74
2021-07-01 13:36:55,090 [INFO] MultiScanPanel:731 - adjusting invalid saved split location: 1.74
2021-07-01 13:36:55,168 [INFO] MultiScanPanel:731 - adjusting invalid saved split location: 1.74
2021-07-01 13:36:55,254 [INFO] MultiScanPanel:200 - Auto-refresh data requested => check proxy status ongoing
2021-07-01 13:36:56,053 [INFO] ApiDb:479 - Connected to CubeFinder SQLite database (C:\Users\Babu\.stmcufinder\plugins\mcufinder\mcu\cube-finder-db.db)
2021-07-01 13:36:56,969 [INFO] DbExamplesSqlite:401 - Ignored 36 examples not supported by CubeIDE
2021-07-01 13:36:56,969 [INFO] DbExamplesSqlite:402 - Found 4835 examples active
2021-07-01 13:36:56,969 [INFO] DbExamplesSqlite:403 - Found 274 examples obsolete
2021-07-01 13:36:56,969 [INFO] DbExamplesSqlite:404 - Found 0 examples under development
2021-07-01 13:36:56,969 [INFO] DbExamplesSqlite:405 - Found 76 examples not building
2021-07-01 13:36:57,017 [INFO] DbExamplesSqlite:104 - CubeFinder database Data Model version=2.1
2021-07-01 13:36:57,017 [INFO] DbExamplesSqlite:105 - CubeFinder database Configuration version=3.0-WIP12
2021-07-01 13:36:57,017 [INFO] DbExamplesSqlite:106 - CubeFinder database generation date=2021-05-10 (1620656699)
2021-07-01 13:36:57,018 [INFO] DbExamplesSqlite:107 - CubeFinder database FW Pack versions=[STM32Cube_FW_F4_V1.26.1, STM32Cube_FW_F7_V1.16.1, STM32Cube_FW_G0_V1.4.1, STM32Cube_FW_G4_V1.4.0, STM32Cube_FW_H7_V1.9.0, STM32Cube_FW_L5_V1.4.0, STM32Cube_FW_WB_V1.11.1, STM32Cube_FW_WL_V1.0.0, X-CUBE-AZRTOS-H7_V1.0.0, X-CUBE-BLE1_V6.2.0, X-CUBE-BLE2_V3.2.0, X-CUBE-GNSS1_V5.2.0]
2021-07-01 13:36:57,020 [INFO] DbExamples:130 - Found 4875 examples
2021-07-01 13:36:58,153 [ERROR] DbExamples:206 - Found 301 examples with invalid data (board or MCU)
2021-07-01 13:36:58,153 [INFO] DbExamples:222 - Found 63 boards with related examples
2021-07-01 13:36:58,170 [INFO] DbExamples:235 - Found 52 MCUs with related examples
2021-07-01 13:36:58,191 [INFO] ApiDb:251 - Load user favorites file C:\Users\Babu/.stm32cubeide/favorites.examples.txt: 0 item(s)
2021-07-01 13:36:58,191 [INFO] ApiDb:255 - User favorites Examples=[]
2021-07-01 13:36:58,207 [INFO] DbExamples:256 - Set 0 / 0 favorites Examples
2021-07-01 13:36:58,636 [INFO] SoftwarePacks:125 - Found SW pack 'STM32Cube_FW_F4_V1.26.1' up-to-date on disk.
2021-07-01 13:36:58,672 [INFO] SoftwarePacks:125 - Found SW pack 'STM32Cube_FW_F7_V1.16.1' up-to-date on disk.
2021-07-01 13:36:59,212 [INFO] SoftwarePacks:121 - Download is needed for SW pack 'STM32Cube_FW_G0_V1.4.1'
2021-07-01 13:36:59,254 [INFO] SoftwarePacks:121 - Download is needed for SW pack 'STM32Cube_FW_G4_V1.4.0'
2021-07-01 13:36:59,310 [INFO] SoftwarePacks:121 - Download is needed for SW pack 'STM32Cube_FW_H7_V1.9.0'
2021-07-01 13:36:59,346 [INFO] SoftwarePacks:121 - Download is needed for SW pack 'STM32Cube_FW_L5_V1.4.0'
2021-07-01 13:36:59,383 [INFO] SoftwarePacks:121 - Download is needed for SW pack 'STM32Cube_FW_WB_V1.11.1'
2021-07-01 13:36:59,431 [INFO] SoftwarePacks:125 - Found SW pack 'STM32Cube_FW_WL_V1.0.0' up-to-date on disk.
2021-07-01 13:36:59,469 [INFO] SoftwarePacks:125 - Found SW pack 'X-CUBE-AZRTOS-H7_V1.0.0' up-to-date on disk.
2021-07-01 13:36:59,506 [INFO] SoftwarePacks:121 - Download is needed for SW pack 'X-CUBE-BLE1_V6.2.0'
2021-07-01 13:36:59,538 [INFO] SoftwarePacks:121 - Download is needed for SW pack 'X-CUBE-BLE2_V3.2.0'
2021-07-01 13:36:59,573 [INFO] SoftwarePacks:121 - Download is needed for SW pack 'X-CUBE-GNSS1_V5.2.0'
2021-07-01 13:37:01,586 [INFO] DetailPanel:310 - Set advertising image to C:/Users/Babu/STM32Cube/Repository/\en.prom_b-l462e-cell1_0421.jpg
2021-07-01 13:37:02,904 [ERROR] AppliInfo:127 - Unknown STM32CubeMX version: 6.2.1
2021-07-01 13:37:02,904 [ERROR] AppliInfo:127 - Unknown STM32CubeMX version: 6.2.1
2021-07-01 13:37:02,904 [ERROR] AppliInfo:127 - Unknown STM32CubeMX version: 6.2.1
2021-07-01 13:37:02,904 [ERROR] AppliInfo:127 - Unknown STM32CubeMX version: 6.2.1
2021-07-01 13:37:02,904 [ERROR] AppliInfo:127 - Unknown STM32CubeMX version: 6.2.1
2021-07-01 13:37:02,904 [ERROR] AppliInfo:127 - Unknown STM32CubeMX version: 6.2.1
2021-07-01 13:37:02,904 [ERROR] AppliInfo:127 - Unknown STM32CubeMX version: 6.2.1
2021-07-01 13:37:02,904 [ERROR] AppliInfo:127 - Unknown STM32CubeMX version: 6.2.1
2021-07-01 13:37:02,904 [ERROR] AppliInfo:127 - Unknown STM32CubeMX version: 6.2.1
2021-07-01 13:37:02,904 [ERROR] AppliInfo:127 - Unknown STM32CubeMX version: 6.2.1
2021-07-01 13:37:02,904 [ERROR] AppliInfo:127 - Unknown STM32CubeMX version: 6.2.1
2021-07-01 13:37:02,904 [ERROR] AppliInfo:127 - Unknown STM32CubeMX version: 6.2.1
2021-07-01 13:37:14,212 [ERROR] AppliInfo:127 - Unknown STM32CubeMX version: 6.2.1
2021-07-01 13:37:14,212 [ERROR] AppliInfo:127 - Unknown STM32CubeMX version: 6.2.1
2021-07-01 13:37:14,212 [ERROR] AppliInfo:127 - Unknown STM32CubeMX version: 6.2.1
2021-07-01 13:37:14,212 [ERROR] AppliInfo:127 - Unknown STM32CubeMX version: 6.2.1
2021-07-01 13:37:24,141 [INFO] SoftwarePacks:184 - Size of SW pack 'STM32Cube_FW_F7_V1.16.1' is: 1517.0 MB
2021-07-01 13:37:35,156 [INFO] ExampleToolKit:600 - [info] 2021/07/01 13:37:35
2021-07-01 13:37:35,156 [INFO] ExampleToolKit:650 - [info] Start Project: TouchGFX
2021-07-01 13:37:35,268 [WARN] ExampleToolKit:712 - [WARNING] IDE PROJECT 'STM32CubeIDE' NOT FOUND
2021-07-01 13:37:35,287 [INFO] ExampleToolKit:744 - [info] Project path: E:\GitHub_Projects_Repo\stm32f7508_projects\TouchGFX
2021-07-01 13:37:48,585 [WARN] ExampleToolKit:1990 - [WARNING] IDE PROJECT 'STM32CubeIDE'NOT FOUND
2021-07-01 13:37:48,679 [INFO] ExampleToolKit:997 - [info] SW Package located in: C:\Users\Babu\STM32Cube\Repository\STM32Cube_FW_F7_V1.16.1
2021-07-01 13:37:48,684 [INFO] ExampleToolKit:1002 - [info] SW Package copy: LITE
2021-07-01 13:38:39,183 [WARN] ExampleToolKit:2693 - SW4STM32: Mismatch example name vs IDE example name
2021-07-01 13:38:39,183 [WARN] ExampleToolKit:2699 - SW4STM32: Rename IDE example name from: STM32F7508-Discovery to: TouchGFX
2021-07-01 13:38:39,237 [INFO] ExampleToolKit:816 - [info] Project 'TouchGFX' installed successfully
2021-07-01 13:38:39,237 [INFO] ExampleToolKit:842 - [info] 2021/07/01 13:38:39
2021-07-01 13:38:39,237 [INFO] ExampleToolKit:961 - [info] Elapsed time: 0h 1m 4s 99ms
2021-07-01 13:38:42,913 [ERROR] LogOutputStream:74 - [STDERR_REDIRECT] Managed Build system manifest file error: Option fr.ac6.managedbuild.option.gnu.cross.prefix.767549322 uses a null category that is invalid in its context. The option was ignored.
2021-07-01 13:38:42,930 [ERROR] LogOutputStream:74 - [STDERR_REDIRECT] Managed Build system manifest file error: Option fr.ac6.managedbuild.option.gnu.cross.mcu.939799700 uses a null category that is invalid in its context. The option was ignored.
2021-07-01 13:38:42,939 [ERROR] LogOutputStream:74 - [STDERR_REDIRECT] Managed Build system manifest file error: Option fr.ac6.managedbuild.option.gnu.cross.board.104787740 uses a null category that is invalid in its context. The option was ignored.
2021-07-01 13:38:42,946 [ERROR] LogOutputStream:74 - [STDERR_REDIRECT] Managed Build system manifest file error: Option fr.ac6.managedbuild.option.gnu.cross.core.1083960614 uses a null category that is invalid in its context. The option was ignored.
2021-07-01 13:38:42,950 [ERROR] LogOutputStream:74 - [STDERR_REDIRECT] Managed Build system manifest file error: Option fr.ac6.managedbuild.option.gnu.cross.instructionSet.1510605249 uses a null category that is invalid in its context. The option was ignored.
2021-07-01 13:38:42,950 [ERROR] LogOutputStream:74 - [STDERR_REDIRECT] Managed Build system manifest file error: Option fr.ac6.managedbuild.option.gnu.cross.fpu.1441656589 uses a null category that is invalid in its context. The option was ignored.
2021-07-01 13:38:42,966 [ERROR] LogOutputStream:74 - [STDERR_REDIRECT] Managed Build system manifest file error: Option fr.ac6.managedbuild.option.gnu.cross.floatabi.636070998 uses a null category that is invalid in its context. The option was ignored.
2021-07-01 13:38:53,855 [INFO] ApiDb:276 - Save user favorites file C:\Users\Babu/.stm32cubeide/favorites.mcus.txt: 0 item(s)
2021-07-01 13:38:53,855 [INFO] ApiDb:280 - User favorites MCUs=[]
2021-07-01 13:38:53,869 [INFO] ApiDb:276 - Save user favorites file C:\Users\Babu/.stm32cubeide/favorites.boards.txt: 0 item(s)
2021-07-01 13:38:53,870 [INFO] ApiDb:280 - User favorites Boards=[]
2021-07-01 13:38:53,873 [INFO] ApiDb:276 - Save user favorites file C:\Users\Babu/.stm32cubeide/favorites.examples.txt: 0 item(s)
2021-07-01 13:38:53,873 [INFO] ApiDb:280 - User favorites Examples=[]
